<?xml version="1.0" encoding="UTF-8"?>
<!-- Generated by org.testng.reporters.JUnitXMLReporter -->
<testsuite ignored="0" hostname="Gauravs-Air" failures="2" tests="2" name="Test" time="19.876" errors="0" timestamp="2021-06-13T12:14:49 IST">
  <testcase classname="com.MiniBank.TestScripts.TestLogin" name="loginTest" time="2.45">
    <failure type="java.lang.AssertionError" message="Guru99 Bank Manager HomePage expected:&amp;lt;Guru99 Bank Manager HomePage&amp;gt; but was:&amp;lt;Test Failed, Home Page title does not match&amp;gt;">
      <![CDATA[java.lang.AssertionError: Guru99 Bank Manager HomePage expected:<Guru99 Bank Manager HomePage> but was:<Test Failed, Home Page title does not match>
at com.MiniBank.TestScripts.TestLogin.loginTest(TestLogin.java:19)
at java.base/java.util.ArrayList.forEach(ArrayList.java:1378)
... Removed 28 stack frames]]>
    </failure>
  </testcase> <!-- loginTest -->
  <testcase classname="com.MiniBank.TestScripts.TestLogin" name="validateHomePageFields" time="2.185">
    <failure type="java.lang.AssertionError" message="Guru99 Bank Manager HomePage expected:&amp;lt;Guru99 Bank Manager HomePage&amp;gt; but was:&amp;lt;Test Failed, Home Page title does not match&amp;gt;">
      <![CDATA[java.lang.AssertionError: Guru99 Bank Manager HomePage expected:<Guru99 Bank Manager HomePage> but was:<Test Failed, Home Page title does not match>
at com.MiniBank.TestScripts.TestLogin.validateHomePageFields(TestLogin.java:28)
at java.base/java.util.ArrayList.forEach(ArrayList.java:1378)
... Removed 28 stack frames]]>
    </failure>
  </testcase> <!-- validateHomePageFields -->
</testsuite> <!-- Test -->
